2023-10-05T16:35:09+00:00 CRITICAL Uncaught ArgumentCountError: 3 arguments are required, 2 given in C:\xampp\htdocs\ABCSTORE\wp-admin\includes\class-bulk-upgrader-skin.php:156
Stack trace:
#0 C:\xampp\htdocs\ABCSTORE\wp-admin\includes\class-bulk-upgrader-skin.php(156): sprintf('%1$s \xC4\x91\xC3\xA3 \xC4\x91\xC6\xB0\xE1...', 'Addonify - Comp...')
#1 C:\xampp\htdocs\ABCSTORE\wp-content\themes\orchid-store\third-party\class-tgm-plugin-activation.php(3669): Bulk_Upgrader_Skin->after('Addonify - Comp...')
#2 C:\xampp\htdocs\ABCSTORE\wp-admin\includes\class-wp-upgrader.php(920): TGMPA_Bulk_Installer_Skin->after()
#3 C:\xampp\htdocs\ABCSTORE\wp-content\themes\orchid-store\third-party\class-tgm-plugin-activation.php(3289): WP_Upgrader->run(Array)
#4 C:\xampp\htdocs\ABCSTORE\wp-content\themes\orchid-store\third-party\class-tgm-plugin-activation.php(3394): TGMPA_Bulk_Installer->run(Array)
#5 C:\xampp\htdocs\ABCSTORE\wp-content\themes\orchid-store\third-party\class-tgm-plugin-activation.php(3008): TGMPA_Bulk_Installer->bulk_install(Array)
#6 C:\xampp\htdocs\ABCSTORE\wp-content\themes\orchid-store\third-party\class-tgm-plugin-activation.php(754): TGMPA_List_Table->process_bulk_actions()
#7 C:\xampp\htdocs\ABCSTORE\wp-includes\class-wp-hook.php(310): TGM_Plugin_Activation->install_plugins_page('')
#8 C:\xampp\htdocs\ABCSTORE\wp-includes\class-wp-hook.php(334): WP_Hook->apply_filters('', Array)
#9 C:\xampp\htdocs\ABCSTORE\wp-includes\plugin.php(517): WP_Hook->do_action(Array)
#10 C:\xampp\htdocs\ABCSTORE\wp-admin\admin.php(259): do_action('appearance_page...')
#11 C:\xampp\htdocs\ABCSTORE\wp-admin\themes.php(10): require_once('C:\\xampp\\htdocs...')
#12 {main}
  thrown in C:\xampp\htdocs\ABCSTORE\wp-admin\includes\class-bulk-upgrader-skin.php on line 156

2023-10-05T16:35:58+00:00 CRITICAL Uncaught ArgumentCountError: 3 arguments are required, 2 given in C:\xampp\htdocs\ABCSTORE\wp-admin\includes\class-bulk-upgrader-skin.php:156
Stack trace:
#0 C:\xampp\htdocs\ABCSTORE\wp-admin\includes\class-bulk-upgrader-skin.php(156): sprintf('%1$s \xC4\x91\xC3\xA3 \xC4\x91\xC6\xB0\xE1...', 'Addonify WooCom...')
#1 C:\xampp\htdocs\ABCSTORE\wp-content\themes\orchid-store\third-party\class-tgm-plugin-activation.php(3669): Bulk_Upgrader_Skin->after('Addonify WooCom...')
#2 C:\xampp\htdocs\ABCSTORE\wp-admin\includes\class-wp-upgrader.php(920): TGMPA_Bulk_Installer_Skin->after()
#3 C:\xampp\htdocs\ABCSTORE\wp-content\themes\orchid-store\third-party\class-tgm-plugin-activation.php(3289): WP_Upgrader->run(Array)
#4 C:\xampp\htdocs\ABCSTORE\wp-content\themes\orchid-store\third-party\class-tgm-plugin-activation.php(3394): TGMPA_Bulk_Installer->run(Array)
#5 C:\xampp\htdocs\ABCSTORE\wp-content\themes\orchid-store\third-party\class-tgm-plugin-activation.php(3008): TGMPA_Bulk_Installer->bulk_install(Array)
#6 C:\xampp\htdocs\ABCSTORE\wp-content\themes\orchid-store\third-party\class-tgm-plugin-activation.php(754): TGMPA_List_Table->process_bulk_actions()
#7 C:\xampp\htdocs\ABCSTORE\wp-includes\class-wp-hook.php(310): TGM_Plugin_Activation->install_plugins_page('')
#8 C:\xampp\htdocs\ABCSTORE\wp-includes\class-wp-hook.php(334): WP_Hook->apply_filters('', Array)
#9 C:\xampp\htdocs\ABCSTORE\wp-includes\plugin.php(517): WP_Hook->do_action(Array)
#10 C:\xampp\htdocs\ABCSTORE\wp-admin\admin.php(259): do_action('appearance_page...')
#11 C:\xampp\htdocs\ABCSTORE\wp-admin\themes.php(10): require_once('C:\\xampp\\htdocs...')
#12 {main}
  thrown in C:\xampp\htdocs\ABCSTORE\wp-admin\includes\class-bulk-upgrader-skin.php on line 156

